<?xml version="1.0" encoding="UTF-8"?>
<!-- Generated by org.testng.reporters.JUnitReportReporter -->
<testsuite skipped="0" hostname="DESKTOP-O1HI6L6" name="com.xyzbank.testsuite.BankTestPage" tests="1" failures="0" timestamp="2022-12-13T11:01:57 GMT" time="18.134" errors="0">
  <testcase name="customerShouldWithdrawMoneySuccessfully" time="18.134" classname="com.xyzbank.testsuite.BankTestPage"/>
  <system-out/>
</testsuite> <!-- com.xyzbank.testsuite.BankTestPage -->
